<?xml version="1.0" encoding="UTF-8"?>
<testng-results ignored="0" total="1" passed="1" failed="0" skipped="0">
	<reporter-output>
	</reporter-output>
	<suite started-at="2024-04-16T22:36:15 NPT" name="Default suite"
		finished-at="2024-04-16T22:36:16 NPT" duration-ms="476">
		<groups>
		</groups>
		<test started-at="2024-04-16T22:36:15 NPT" name="Default test"
			finished-at="2024-04-16T22:36:16 NPT" duration-ms="476">
			<class name="FebAutomation.FunOlympicNumber">
				<test-method is-config="true"
					signature="OpenBrowser()[pri:0, instance:FebAutomation.FunOlympicNumber@a514af7]"
					started-at="2024-04-16T22:36:12 NPT" name="OpenBrowser"
					finished-at="2024-04-16T22:36:15 NPT" duration-ms="3634"
					status="PASS">
					<reporter-output>
					</reporter-output>
				</test-method> <!--
				OpenBrowser -->
				<test-method
					signature="ChangeNumber()[pri:0, instance:FebAutomation.FunOlympicNumber@a514af7]"
					started-at="2024-04-16T22:36:15 NPT" name="ChangeNumber"
					finished-at="2024-04-16T22:36:16 NPT" duration-ms="444"
					status="PASS">
					<reporter-output>
					</reporter-output>
				</test-method> <!--
				ChangeNumber -->
			</class> <!--
			FebAutomation.FunOlympicNumber -->
		</test> <!--
		Default test -->
	</suite> <!--
	Default suite -->
</testng-results>
